F:\PROJECT2\PROJECT2\DEBUG\MYFORM1.OBJ
F:\PROJECT2\PROJECT2\DEBUG\MYFORM.OBJ
F:\PROJECT2\PROJECT2\DEBUG\VC110.PDB
F:\PROJECT2\PROJECT2\DEBUG\.NETFRAMEWORK,VERSION=V4.5.ASSEMBLYATTRIBUTES.OBJ
F:\PROJECT2\DEBUG\PROJECT2.ILK
F:\PROJECT2\DEBUG\PROJECT2.EXE
F:\PROJECT2\DEBUG\PROJECT2.PDB
F:\Project2\Project2\Debug\Project2.MyForm.resources
F:\Project2\Project2\Debug\Project2.MyForm1.resources
F:\Project2\Project2\Debug\Project2.vcxproj.GenerateResource.Cache
F:\Project2\Project2\Debug\Project2.vcxprojResolveAssemblyReference.cache
F:\Project2\Project2\Debug\.NETFramework,Version=v4.5.AssemblyAttributes.obj
F:\Project2\Project2\Debug\MyForm.obj
F:\Project2\Project2\Debug\MyForm1.obj
F:\Project2\Project2\Debug\cl.command.1.tlog
F:\Project2\Project2\Debug\CL.read.1.tlog
F:\Project2\Project2\Debug\CL.write.1.tlog
F:\Project2\Project2\Debug\link.2000-cvtres.read.1.tlog
F:\Project2\Project2\Debug\link.2000-cvtres.write.1.tlog
F:\Project2\Project2\Debug\link.2000-rc.read.1.tlog
F:\Project2\Project2\Debug\link.2000-rc.write.1.tlog
F:\Project2\Project2\Debug\link.2000.read.1.tlog
F:\Project2\Project2\Debug\link.2000.write.1.tlog
F:\Project2\Project2\Debug\link.3328-cvtres.read.1.tlog
F:\Project2\Project2\Debug\link.3328-cvtres.write.1.tlog
F:\Project2\Project2\Debug\link.3328-rc.read.1.tlog
F:\Project2\Project2\Debug\link.3328-rc.write.1.tlog
F:\Project2\Project2\Debug\link.3328.read.1.tlog
F:\Project2\Project2\Debug\link.3328.write.1.tlog
F:\Project2\Project2\Debug\link.9052-cvtres.read.1.tlog
F:\Project2\Project2\Debug\link.9052-cvtres.write.1.tlog
F:\Project2\Project2\Debug\link.9052-rc.read.1.tlog
F:\Project2\Project2\Debug\link.9052-rc.write.1.tlog
F:\Project2\Project2\Debug\link.9052.read.1.tlog
F:\Project2\Project2\Debug\link.9052.write.1.tlog
F:\Project2\Project2\Debug\link.command.1.tlog
F:\Project2\Project2\Debug\link.read.1.tlog
F:\Project2\Project2\Debug\link.write.1.tlog
F:\Project2\Project2\Debug\metagen.read.1.tlog
F:\Project2\Project2\Debug\metagen.write.1.tlog
F:\Project2\Project2\Debug\Project2.write.1.tlog
F:\Project2\Project2\Debug\vc110.pdb
F:\Project2\Project2\Debug\TZRES.DLL.bi
F:\Project2\Debug\Project2.pdb
F:\Project2\Debug\Project2.exe
F:\Project2\Debug\Project2.ilk
